<?xml version="1.0" encoding="UTF-8"?>
<coverage generated="1706195661397" clover="3.2.0">
  <project timestamp="1706195661397" name="All files">
    <metrics statements="100" coveredstatements="44" conditionals="31" coveredconditionals="11" methods="11" coveredmethods="4" elements="142" coveredelements="59" complexity="0" loc="100" ncloc="100" packages="1" files="3" classes="3"/>
    <file name="constants.js" path="/home/bettoraite/Documents/web-dev/telegramBot/controller/lib/constants.js">
      <metrics statements="7" coveredstatements="7" conditionals="0" coveredconditionals="0" methods="0" coveredmethods="0"/>
      <line num="1" count="1" type="stmt"/>
      <line num="3" count="1" type="stmt"/>
      <line num="16" count="1" type="stmt"/>
      <line num="17" count="1" type="stmt"/>
      <line num="18" count="1" type="stmt"/>
      <line num="19" count="1" type="stmt"/>
      <line num="21" count="1" type="stmt"/>
    </file>
    <file name="firebase.js" path="/home/bettoraite/Documents/web-dev/telegramBot/controller/lib/firebase.js">
      <metrics statements="78" coveredstatements="36" conditionals="25" coveredconditionals="11" methods="10" coveredmethods="4"/>
      <line num="1" count="1" type="stmt"/>
      <line num="2" count="1" type="stmt"/>
      <line num="3" count="1" type="stmt"/>
      <line num="5" count="1" type="stmt"/>
      <line num="15" count="1" type="stmt"/>
      <line num="17" count="1" type="stmt"/>
      <line num="30" count="1" type="stmt"/>
      <line num="31" count="0" type="stmt"/>
      <line num="32" count="0" type="stmt"/>
      <line num="33" count="0" type="stmt"/>
      <line num="35" count="0" type="stmt"/>
      <line num="37" count="0" type="stmt"/>
      <line num="40" count="1" type="stmt"/>
      <line num="41" count="0" type="stmt"/>
      <line num="42" count="0" type="stmt"/>
      <line num="43" count="0" type="stmt"/>
      <line num="44" count="0" type="stmt"/>
      <line num="47" count="0" type="stmt"/>
      <line num="50" count="1" type="stmt"/>
      <line num="51" count="0" type="stmt"/>
      <line num="52" count="0" type="stmt"/>
      <line num="53" count="0" type="stmt"/>
      <line num="54" count="0" type="stmt"/>
      <line num="56" count="0" type="stmt"/>
      <line num="57" count="0" type="stmt"/>
      <line num="59" count="0" type="stmt"/>
      <line num="61" count="0" type="stmt"/>
      <line num="65" count="1" type="cond" truecount="0" falsecount="1"/>
      <line num="66" count="0" type="stmt"/>
      <line num="67" count="0" type="cond" truecount="0" falsecount="4"/>
      <line num="68" count="0" type="stmt"/>
      <line num="69" count="0" type="stmt"/>
      <line num="72" count="0" type="stmt"/>
      <line num="73" count="0" type="stmt"/>
      <line num="75" count="0" type="cond" truecount="0" falsecount="2"/>
      <line num="76" count="0" type="stmt"/>
      <line num="77" count="0" type="cond" truecount="0" falsecount="2"/>
      <line num="78" count="0" type="stmt"/>
      <line num="80" count="0" type="stmt"/>
      <line num="82" count="0" type="stmt"/>
      <line num="84" count="0" type="cond" truecount="0" falsecount="2"/>
      <line num="85" count="0" type="stmt"/>
      <line num="88" count="0" type="stmt"/>
      <line num="90" count="0" type="stmt"/>
      <line num="93" count="0" type="stmt"/>
      <line num="98" count="0" type="stmt"/>
      <line num="99" count="0" type="stmt"/>
      <line num="100" count="0" type="cond" truecount="0" falsecount="2"/>
      <line num="101" count="0" type="stmt"/>
      <line num="102" count="0" type="stmt"/>
      <line num="103" count="0" type="stmt"/>
      <line num="107" count="2" type="cond" truecount="1" falsecount="1"/>
      <line num="108" count="0" type="stmt"/>
      <line num="111" count="2" type="stmt"/>
      <line num="112" count="2" type="stmt"/>
      <line num="113" count="2" type="stmt"/>
      <line num="114" count="6" type="stmt"/>
      <line num="115" count="6" type="stmt"/>
      <line num="116" count="6" type="stmt"/>
      <line num="119" count="2" type="stmt"/>
      <line num="120" count="7" type="stmt"/>
      <line num="121" count="18" type="stmt"/>
      <line num="122" count="54" type="stmt"/>
      <line num="124" count="18" type="stmt"/>
      <line num="125" count="18" type="stmt"/>
      <line num="126" count="54" type="stmt"/>
      <line num="128" count="18" type="cond" truecount="2" falsecount="0"/>
      <line num="129" count="2" type="stmt"/>
      <line num="130" count="16" type="cond" truecount="2" falsecount="0"/>
      <line num="131" count="9" type="cond" truecount="2" falsecount="0"/>
      <line num="132" count="2" type="stmt"/>
      <line num="133" count="7" type="cond" truecount="2" falsecount="0"/>
      <line num="134" count="4" type="cond" truecount="2" falsecount="0"/>
      <line num="135" count="2" type="stmt"/>
      <line num="137" count="4" type="stmt"/>
      <line num="142" count="2" type="stmt"/>
      <line num="144" count="1" type="stmt"/>
      <line num="146" count="1" type="stmt"/>
    </file>
    <file name="helpers.js" path="/home/bettoraite/Documents/web-dev/telegramBot/controller/lib/helpers.js">
      <metrics statements="15" coveredstatements="1" conditionals="6" coveredconditionals="0" methods="1" coveredmethods="0"/>
      <line num="2" count="0" type="stmt"/>
      <line num="4" count="0" type="stmt"/>
      <line num="5" count="0" type="cond" truecount="0" falsecount="2"/>
      <line num="6" count="0" type="stmt"/>
      <line num="7" count="0" type="cond" truecount="0" falsecount="2"/>
      <line num="8" count="0" type="stmt"/>
      <line num="9" count="0" type="stmt"/>
      <line num="10" count="0" type="stmt"/>
      <line num="11" count="0" type="cond" truecount="0" falsecount="2"/>
      <line num="12" count="0" type="stmt"/>
      <line num="14" count="0" type="stmt"/>
      <line num="16" count="0" type="stmt"/>
      <line num="18" count="0" type="stmt"/>
      <line num="20" count="0" type="stmt"/>
      <line num="22" count="1" type="stmt"/>
    </file>
  </project>
</coverage>
