{"/home/bettoraite/Documents/web/telegramBot/controller/lib/axios.js": {"path":"/home/bettoraite/Documents/web/telegramBot/controller/lib/axios.js","statementMap":{"0":{"start":{"line":1,"column":14},"end":{"line":1,"column":30}},"1":{"start":{"line":4,"column":2},"end":{"line":21,"column":4}},"2":{"start":{"line":6,"column":6},"end":{"line":10,"column":9}},"3":{"start":{"line":13,"column":6},"end":{"line":19,"column":9}},"4":{"start":{"line":24,"column":0},"end":{"line":24,"column":38}}},"fnMap":{"0":{"name":"getAxiosInstance","decl":{"start":{"line":3,"column":9},"end":{"line":3,"column":25}},"loc":{"start":{"line":3,"column":50},"end":{"line":22,"column":1}},"line":3},"1":{"name":"(anonymous_1)","decl":{"start":{"line":5,"column":4},"end":{"line":5,"column":5}},"loc":{"start":{"line":5,"column":24},"end":{"line":11,"column":5}},"line":5},"2":{"name":"(anonymous_2)","decl":{"start":{"line":12,"column":4},"end":{"line":12,"column":5}},"loc":{"start":{"line":12,"column":23},"end":{"line":20,"column":5}},"line":12}},"branchMap":{"0":{"loc":{"start":{"line":3,"column":36},"end":{"line":3,"column":48}},"type":"default-arg","locations":[{"start":{"line":3,"column":46},"end":{"line":3,"column":48}}],"line":3}},"s":{"0":2,"1":2,"2":0,"3":0,"4":2},"f":{"0":2,"1":0,"2":0},"b":{"0":[2]},"_coverageSchema":"1a1c01bbd47fc00a2c39e90264f33305004495a9","hash":"b1ac6cb954917948048eba9c4238e2a77a1096ef"}
,"/home/bettoraite/Documents/web/telegramBot/controller/lib/constants.js": {"path":"/home/bettoraite/Documents/web/telegramBot/controller/lib/constants.js","statementMap":{"0":{"start":{"line":2,"column":22},"end":{"line":13,"column":1}},"1":{"start":{"line":15,"column":22},"end":{"line":15,"column":39}},"2":{"start":{"line":16,"column":19},"end":{"line":16,"column":33}},"3":{"start":{"line":18,"column":26},"end":{"line":27,"column":1}},"4":{"start":{"line":28,"column":23},"end":{"line":28,"column":47}},"5":{"start":{"line":29,"column":32},"end":{"line":29,"column":58}},"6":{"start":{"line":30,"column":31},"end":{"line":30,"column":41}},"7":{"start":{"line":31,"column":41},"end":{"line":31,"column":65}},"8":{"start":{"line":32,"column":39},"end":{"line":32,"column":67}},"9":{"start":{"line":33,"column":25},"end":{"line":33,"column":93}},"10":{"start":{"line":35,"column":0},"end":{"line":46,"column":2}}},"fnMap":{},"branchMap":{},"s":{"0":2,"1":2,"2":2,"3":2,"4":2,"5":2,"6":2,"7":2,"8":2,"9":2,"10":2},"f":{},"b":{},"_coverageSchema":"1a1c01bbd47fc00a2c39e90264f33305004495a9","hash":"4a96dda2490cf4815aabe814fb4293477fc4dcb9"}
,"/home/bettoraite/Documents/web/telegramBot/controller/lib/date.js": {"path":"/home/bettoraite/Documents/web/telegramBot/controller/lib/date.js","statementMap":{"0":{"start":{"line":1,"column":25},"end":{"line":1,"column":45}},"1":{"start":{"line":4,"column":2},"end":{"line":11,"column":3}},"2":{"start":{"line":5,"column":4},"end":{"line":9,"column":6}},"3":{"start":{"line":10,"column":4},"end":{"line":10,"column":16}},"4":{"start":{"line":12,"column":29},"end":{"line":12,"column":60}},"5":{"start":{"line":13,"column":2},"end":{"line":13,"column":51}},"6":{"start":{"line":14,"column":2},"end":{"line":14,"column":28}},"7":{"start":{"line":17,"column":2},"end":{"line":20,"column":3}},"8":{"start":{"line":18,"column":4},"end":{"line":18,"column":86}},"9":{"start":{"line":19,"column":4},"end":{"line":19,"column":16}},"10":{"start":{"line":21,"column":22},"end":{"line":21,"column":26}},"11":{"start":{"line":22,"column":20},"end":{"line":22,"column":47}},"12":{"start":{"line":24,"column":21},"end":{"line":32,"column":3}},"13":{"start":{"line":34,"column":17},"end":{"line":34,"column":18}},"14":{"start":{"line":35,"column":15},"end":{"line":35,"column":34}},"15":{"start":{"line":36,"column":14},"end":{"line":36,"column":36}},"16":{"start":{"line":37,"column":16},"end":{"line":37,"column":48}},"17":{"start":{"line":38,"column":15},"end":{"line":38,"column":41}},"18":{"start":{"line":39,"column":18},"end":{"line":39,"column":39}},"19":{"start":{"line":40,"column":15},"end":{"line":46,"column":3}},"20":{"start":{"line":47,"column":2},"end":{"line":47,"column":20}},"21":{"start":{"line":48,"column":2},"end":{"line":48,"column":14}},"22":{"start":{"line":50,"column":0},"end":{"line":53,"column":2}}},"fnMap":{"0":{"name":"getLocalUnixTimestamp","decl":{"start":{"line":3,"column":9},"end":{"line":3,"column":30}},"loc":{"start":{"line":3,"column":67},"end":{"line":15,"column":1}},"line":3},"1":{"name":"getDate","decl":{"start":{"line":16,"column":9},"end":{"line":16,"column":16}},"loc":{"start":{"line":16,"column":32},"end":{"line":49,"column":1}},"line":16}},"branchMap":{"0":{"loc":{"start":{"line":3,"column":31},"end":{"line":3,"column":50}},"type":"default-arg","locations":[{"start":{"line":3,"column":49},"end":{"line":3,"column":50}}],"line":3},"1":{"loc":{"start":{"line":4,"column":2},"end":{"line":11,"column":3}},"type":"if","locations":[{"start":{"line":4,"column":2},"end":{"line":11,"column":3}},{"start":{},"end":{}}],"line":4},"2":{"loc":{"start":{"line":4,"column":6},"end":{"line":4,"column":74}},"type":"binary-expr","locations":[{"start":{"line":4,"column":6},"end":{"line":4,"column":39}},{"start":{"line":4,"column":43},"end":{"line":4,"column":74}}],"line":4},"3":{"loc":{"start":{"line":17,"column":2},"end":{"line":20,"column":3}},"type":"if","locations":[{"start":{"line":17,"column":2},"end":{"line":20,"column":3}},{"start":{},"end":{}}],"line":17}},"s":{"0":1,"1":6,"2":3,"3":3,"4":3,"5":3,"6":3,"7":5,"8":0,"9":0,"10":5,"11":5,"12":5,"13":5,"14":5,"15":5,"16":5,"17":5,"18":5,"19":5,"20":5,"21":5,"22":1},"f":{"0":6,"1":5},"b":{"0":[1],"1":[3,3],"2":[6,5],"3":[0,5]},"_coverageSchema":"1a1c01bbd47fc00a2c39e90264f33305004495a9","hash":"523647d317b780271f41363fb5083f7594d5a167"}
,"/home/bettoraite/Documents/web/telegramBot/controller/lib/helpers.js": {"path":"/home/bettoraite/Documents/web/telegramBot/controller/lib/helpers.js","statementMap":{"0":{"start":{"line":2,"column":25},"end":{"line":2,"column":36}},"1":{"start":{"line":4,"column":2},"end":{"line":4,"column":34}},"2":{"start":{"line":5,"column":2},"end":{"line":5,"column":45}},"3":{"start":{"line":6,"column":2},"end":{"line":19,"column":3}},"4":{"start":{"line":7,"column":4},"end":{"line":15,"column":5}},"5":{"start":{"line":8,"column":6},"end":{"line":8,"column":42}},"6":{"start":{"line":9,"column":6},"end":{"line":9,"column":44}},"7":{"start":{"line":10,"column":6},"end":{"line":10,"column":45}},"8":{"start":{"line":11,"column":11},"end":{"line":15,"column":5}},"9":{"start":{"line":12,"column":6},"end":{"line":12,"column":36}},"10":{"start":{"line":14,"column":6},"end":{"line":14,"column":45}},"11":{"start":{"line":16,"column":4},"end":{"line":16,"column":35}},"12":{"start":{"line":18,"column":4},"end":{"line":18,"column":26}},"13":{"start":{"line":20,"column":2},"end":{"line":20,"column":32}},"14":{"start":{"line":22,"column":0},"end":{"line":24,"column":2}}},"fnMap":{"0":{"name":"errorHandler","decl":{"start":{"line":1,"column":9},"end":{"line":1,"column":21}},"loc":{"start":{"line":1,"column":41},"end":{"line":21,"column":1}},"line":1}},"branchMap":{"0":{"loc":{"start":{"line":6,"column":2},"end":{"line":19,"column":3}},"type":"if","locations":[{"start":{"line":6,"column":2},"end":{"line":19,"column":3}},{"start":{"line":17,"column":9},"end":{"line":19,"column":3}}],"line":6},"1":{"loc":{"start":{"line":7,"column":4},"end":{"line":15,"column":5}},"type":"if","locations":[{"start":{"line":7,"column":4},"end":{"line":15,"column":5}},{"start":{"line":11,"column":11},"end":{"line":15,"column":5}}],"line":7},"2":{"loc":{"start":{"line":11,"column":11},"end":{"line":15,"column":5}},"type":"if","locations":[{"start":{"line":11,"column":11},"end":{"line":15,"column":5}},{"start":{"line":13,"column":11},"end":{"line":15,"column":5}}],"line":11}},"s":{"0":3,"1":3,"2":3,"3":3,"4":0,"5":0,"6":0,"7":0,"8":0,"9":0,"10":0,"11":0,"12":3,"13":3,"14":2},"f":{"0":3},"b":{"0":[0,3],"1":[0,0],"2":[0,0]},"_coverageSchema":"1a1c01bbd47fc00a2c39e90264f33305004495a9","hash":"96f6b6275473193eecd69a80c481ae0d77312b65"}
,"/home/bettoraite/Documents/web/telegramBot/controller/lib/send.js": {"path":"/home/bettoraite/Documents/web/telegramBot/controller/lib/send.js","statementMap":{"0":{"start":{"line":1,"column":29},"end":{"line":1,"column":47}},"1":{"start":{"line":2,"column":25},"end":{"line":2,"column":45}},"2":{"start":{"line":3,"column":69},"end":{"line":3,"column":91}},"3":{"start":{"line":5,"column":17},"end":{"line":5,"column":38}},"4":{"start":{"line":6,"column":17},"end":{"line":6,"column":58}},"5":{"start":{"line":7,"column":22},"end":{"line":7,"column":48}},"6":{"start":{"line":10,"column":2},"end":{"line":18,"column":7}},"7":{"start":{"line":17,"column":6},"end":{"line":17,"column":47}},"8":{"start":{"line":22,"column":2},"end":{"line":22,"column":23}},"9":{"start":{"line":23,"column":2},"end":{"line":30,"column":7}},"10":{"start":{"line":29,"column":6},"end":{"line":29,"column":45}},"11":{"start":{"line":33,"column":2},"end":{"line":40,"column":7}},"12":{"start":{"line":39,"column":6},"end":{"line":39,"column":48}},"13":{"start":{"line":44,"column":2},"end":{"line":57,"column":3}},"14":{"start":{"line":45,"column":24},"end":{"line":47,"column":5}},"15":{"start":{"line":49,"column":4},"end":{"line":53,"column":5}},"16":{"start":{"line":50,"column":6},"end":{"line":50,"column":78}},"17":{"start":{"line":51,"column":21},"end":{"line":51,"column":75}},"18":{"start":{"line":52,"column":6},"end":{"line":52,"column":47}},"19":{"start":{"line":54,"column":4},"end":{"line":54,"column":70}},"20":{"start":{"line":56,"column":4},"end":{"line":56,"column":50}},"21":{"start":{"line":61,"column":13},"end":{"line":67,"column":3}},"22":{"start":{"line":69,"column":2},"end":{"line":69,"column":45}},"23":{"start":{"line":73,"column":22},"end":{"line":80,"column":3}},"24":{"start":{"line":81,"column":2},"end":{"line":81,"column":52}},"25":{"start":{"line":84,"column":0},"end":{"line":91,"column":2}}},"fnMap":{"0":{"name":"sendMessage","decl":{"start":{"line":9,"column":9},"end":{"line":9,"column":20}},"loc":{"start":{"line":9,"column":60},"end":{"line":19,"column":1}},"line":9},"1":{"name":"(anonymous_1)","decl":{"start":{"line":16,"column":11},"end":{"line":16,"column":12}},"loc":{"start":{"line":16,"column":19},"end":{"line":18,"column":5}},"line":16},"2":{"name":"sendPhoto","decl":{"start":{"line":21,"column":9},"end":{"line":21,"column":18}},"loc":{"start":{"line":21,"column":36},"end":{"line":31,"column":1}},"line":21},"3":{"name":"(anonymous_3)","decl":{"start":{"line":28,"column":11},"end":{"line":28,"column":12}},"loc":{"start":{"line":28,"column":19},"end":{"line":30,"column":5}},"line":28},"4":{"name":"sendDoc","decl":{"start":{"line":32,"column":9},"end":{"line":32,"column":16}},"loc":{"start":{"line":32,"column":32},"end":{"line":41,"column":1}},"line":32},"5":{"name":"(anonymous_5)","decl":{"start":{"line":38,"column":11},"end":{"line":38,"column":12}},"loc":{"start":{"line":38,"column":19},"end":{"line":40,"column":5}},"line":38},"6":{"name":"sendSubjectsOptionMenu","decl":{"start":{"line":43,"column":9},"end":{"line":43,"column":31}},"loc":{"start":{"line":43,"column":40},"end":{"line":58,"column":1}},"line":43},"7":{"name":"sendMenuCommands","decl":{"start":{"line":60,"column":9},"end":{"line":60,"column":25}},"loc":{"start":{"line":60,"column":61},"end":{"line":70,"column":1}},"line":60},"8":{"name":"sendStartMenu","decl":{"start":{"line":72,"column":9},"end":{"line":72,"column":22}},"loc":{"start":{"line":72,"column":58},"end":{"line":82,"column":1}},"line":72}},"branchMap":{"0":{"loc":{"start":{"line":9,"column":42},"end":{"line":9,"column":58}},"type":"default-arg","locations":[{"start":{"line":9,"column":56},"end":{"line":9,"column":58}}],"line":9},"1":{"loc":{"start":{"line":12,"column":15},"end":{"line":12,"column":41}},"type":"binary-expr","locations":[{"start":{"line":12,"column":15},"end":{"line":12,"column":21}},{"start":{"line":12,"column":25},"end":{"line":12,"column":41}}],"line":12},"2":{"loc":{"start":{"line":60,"column":34},"end":{"line":60,"column":59}},"type":"default-arg","locations":[{"start":{"line":60,"column":45},"end":{"line":60,"column":59}}],"line":60},"3":{"loc":{"start":{"line":72,"column":31},"end":{"line":72,"column":56}},"type":"default-arg","locations":[{"start":{"line":72,"column":42},"end":{"line":72,"column":56}}],"line":72}},"s":{"0":2,"1":2,"2":2,"3":2,"4":2,"5":2,"6":0,"7":0,"8":0,"9":0,"10":0,"11":0,"12":0,"13":0,"14":0,"15":0,"16":0,"17":0,"18":0,"19":0,"20":0,"21":0,"22":0,"23":0,"24":0,"25":2},"f":{"0":0,"1":0,"2":0,"3":0,"4":0,"5":0,"6":0,"7":0,"8":0},"b":{"0":[0],"1":[0,0],"2":[0],"3":[0]},"_coverageSchema":"1a1c01bbd47fc00a2c39e90264f33305004495a9","hash":"7d422f1b6a510316136d33369627e6da6cca8591"}
,"/home/bettoraite/Documents/web/telegramBot/controller/lib/utils/user.js": {"path":"/home/bettoraite/Documents/web/telegramBot/controller/lib/utils/user.js","statementMap":{"0":{"start":{"line":1,"column":25},"end":{"line":1,"column":46}},"1":{"start":{"line":2,"column":39},"end":{"line":2,"column":57}},"2":{"start":{"line":4,"column":14},"end":{"line":4,"column":23}},"3":{"start":{"line":7,"column":2},"end":{"line":9,"column":3}},"4":{"start":{"line":8,"column":4},"end":{"line":8,"column":86}},"5":{"start":{"line":11,"column":2},"end":{"line":20,"column":3}},"6":{"start":{"line":13,"column":4},"end":{"line":19,"column":7}},"7":{"start":{"line":22,"column":2},"end":{"line":22,"column":27}},"8":{"start":{"line":26,"column":2},"end":{"line":29,"column":3}},"9":{"start":{"line":27,"column":4},"end":{"line":27,"column":88}},"10":{"start":{"line":28,"column":4},"end":{"line":28,"column":16}},"11":{"start":{"line":31,"column":15},"end":{"line":31,"column":68}},"12":{"start":{"line":32,"column":2},"end":{"line":32,"column":27}},"13":{"start":{"line":33,"column":2},"end":{"line":33,"column":27}},"14":{"start":{"line":36,"column":2},"end":{"line":39,"column":3}},"15":{"start":{"line":37,"column":4},"end":{"line":37,"column":91}},"16":{"start":{"line":38,"column":4},"end":{"line":38,"column":16}},"17":{"start":{"line":40,"column":15},"end":{"line":40,"column":70}},"18":{"start":{"line":42,"column":2},"end":{"line":42,"column":33}},"19":{"start":{"line":43,"column":2},"end":{"line":43,"column":27}},"20":{"start":{"line":48,"column":2},"end":{"line":54,"column":3}},"21":{"start":{"line":49,"column":4},"end":{"line":53,"column":6}},"22":{"start":{"line":55,"column":15},"end":{"line":55,"column":32}},"23":{"start":{"line":56,"column":2},"end":{"line":59,"column":3}},"24":{"start":{"line":57,"column":4},"end":{"line":57,"column":78}},"25":{"start":{"line":58,"column":4},"end":{"line":58,"column":16}},"26":{"start":{"line":60,"column":2},"end":{"line":60,"column":33}},"27":{"start":{"line":61,"column":2},"end":{"line":61,"column":26}},"28":{"start":{"line":62,"column":2},"end":{"line":62,"column":27}},"29":{"start":{"line":66,"column":2},"end":{"line":69,"column":3}},"30":{"start":{"line":67,"column":4},"end":{"line":67,"column":86}},"31":{"start":{"line":68,"column":4},"end":{"line":68,"column":16}},"32":{"start":{"line":70,"column":2},"end":{"line":70,"column":27}},"33":{"start":{"line":73,"column":2},"end":{"line":76,"column":3}},"34":{"start":{"line":74,"column":4},"end":{"line":74,"column":90}},"35":{"start":{"line":75,"column":4},"end":{"line":75,"column":16}},"36":{"start":{"line":77,"column":2},"end":{"line":77,"column":37}},"37":{"start":{"line":80,"column":2},"end":{"line":83,"column":3}},"38":{"start":{"line":81,"column":4},"end":{"line":81,"column":89}},"39":{"start":{"line":82,"column":4},"end":{"line":82,"column":16}},"40":{"start":{"line":84,"column":2},"end":{"line":84,"column":30}},"41":{"start":{"line":87,"column":15},"end":{"line":87,"column":30}},"42":{"start":{"line":88,"column":2},"end":{"line":90,"column":3}},"43":{"start":{"line":89,"column":4},"end":{"line":89,"column":90}},"44":{"start":{"line":91,"column":2},"end":{"line":94,"column":3}},"45":{"start":{"line":92,"column":4},"end":{"line":92,"column":94}},"46":{"start":{"line":93,"column":4},"end":{"line":93,"column":16}},"47":{"start":{"line":95,"column":19},"end":{"line":95,"column":32}},"48":{"start":{"line":96,"column":2},"end":{"line":108,"column":3}},"49":{"start":{"line":97,"column":4},"end":{"line":97,"column":48}},"50":{"start":{"line":98,"column":4},"end":{"line":98,"column":25}},"51":{"start":{"line":99,"column":4},"end":{"line":107,"column":23}},"52":{"start":{"line":100,"column":6},"end":{"line":105,"column":7}},"53":{"start":{"line":101,"column":8},"end":{"line":101,"column":57}},"54":{"start":{"line":102,"column":8},"end":{"line":102,"column":30}},"55":{"start":{"line":103,"column":8},"end":{"line":103,"column":49}},"56":{"start":{"line":104,"column":8},"end":{"line":104,"column":36}},"57":{"start":{"line":106,"column":6},"end":{"line":106,"column":53}},"58":{"start":{"line":110,"column":0},"end":{"line":119,"column":2}}},"fnMap":{"0":{"name":"addUser","decl":{"start":{"line":6,"column":9},"end":{"line":6,"column":16}},"loc":{"start":{"line":6,"column":25},"end":{"line":23,"column":1}},"line":6},"1":{"name":"setAction","decl":{"start":{"line":25,"column":9},"end":{"line":25,"column":18}},"loc":{"start":{"line":25,"column":39},"end":{"line":34,"column":1}},"line":25},"2":{"name":"setSubject","decl":{"start":{"line":35,"column":9},"end":{"line":35,"column":19}},"loc":{"start":{"line":35,"column":41},"end":{"line":44,"column":1}},"line":35},"3":{"name":"setImageProccessingToTrue","decl":{"start":{"line":45,"column":9},"end":{"line":45,"column":34}},"loc":{"start":{"line":45,"column":43},"end":{"line":63,"column":1}},"line":45},"4":{"name":"getUser","decl":{"start":{"line":65,"column":9},"end":{"line":65,"column":16}},"loc":{"start":{"line":65,"column":25},"end":{"line":71,"column":1}},"line":65},"5":{"name":"getResetKey","decl":{"start":{"line":72,"column":9},"end":{"line":72,"column":20}},"loc":{"start":{"line":72,"column":29},"end":{"line":78,"column":1}},"line":72},"6":{"name":"deleteUser","decl":{"start":{"line":79,"column":9},"end":{"line":79,"column":19}},"loc":{"start":{"line":79,"column":28},"end":{"line":85,"column":1}},"line":79},"7":{"name":"deleteUserAfter","decl":{"start":{"line":86,"column":9},"end":{"line":86,"column":24}},"loc":{"start":{"line":86,"column":42},"end":{"line":109,"column":1}},"line":86},"8":{"name":"(anonymous_8)","decl":{"start":{"line":99,"column":15},"end":{"line":99,"column":16}},"loc":{"start":{"line":99,"column":21},"end":{"line":107,"column":5}},"line":99}},"branchMap":{"0":{"loc":{"start":{"line":7,"column":2},"end":{"line":9,"column":3}},"type":"if","locations":[{"start":{"line":7,"column":2},"end":{"line":9,"column":3}},{"start":{},"end":{}}],"line":7},"1":{"loc":{"start":{"line":11,"column":2},"end":{"line":20,"column":3}},"type":"if","locations":[{"start":{"line":11,"column":2},"end":{"line":20,"column":3}},{"start":{},"end":{}}],"line":11},"2":{"loc":{"start":{"line":26,"column":2},"end":{"line":29,"column":3}},"type":"if","locations":[{"start":{"line":26,"column":2},"end":{"line":29,"column":3}},{"start":{},"end":{}}],"line":26},"3":{"loc":{"start":{"line":26,"column":6},"end":{"line":26,"column":66}},"type":"binary-expr","locations":[{"start":{"line":26,"column":6},"end":{"line":26,"column":32}},{"start":{"line":26,"column":36},"end":{"line":26,"column":66}}],"line":26},"4":{"loc":{"start":{"line":31,"column":15},"end":{"line":31,"column":68}},"type":"cond-expr","locations":[{"start":{"line":31,"column":35},"end":{"line":31,"column":50}},{"start":{"line":31,"column":53},"end":{"line":31,"column":68}}],"line":31},"5":{"loc":{"start":{"line":36,"column":2},"end":{"line":39,"column":3}},"type":"if","locations":[{"start":{"line":36,"column":2},"end":{"line":39,"column":3}},{"start":{},"end":{}}],"line":36},"6":{"loc":{"start":{"line":36,"column":6},"end":{"line":36,"column":67}},"type":"binary-expr","locations":[{"start":{"line":36,"column":6},"end":{"line":36,"column":32}},{"start":{"line":36,"column":36},"end":{"line":36,"column":67}}],"line":36},"7":{"loc":{"start":{"line":40,"column":15},"end":{"line":40,"column":70}},"type":"cond-expr","locations":[{"start":{"line":40,"column":35},"end":{"line":40,"column":52}},{"start":{"line":40,"column":55},"end":{"line":40,"column":70}}],"line":40},"8":{"loc":{"start":{"line":48,"column":2},"end":{"line":54,"column":3}},"type":"if","locations":[{"start":{"line":48,"column":2},"end":{"line":54,"column":3}},{"start":{},"end":{}}],"line":48},"9":{"loc":{"start":{"line":56,"column":2},"end":{"line":59,"column":3}},"type":"if","locations":[{"start":{"line":56,"column":2},"end":{"line":59,"column":3}},{"start":{},"end":{}}],"line":56},"10":{"loc":{"start":{"line":66,"column":2},"end":{"line":69,"column":3}},"type":"if","locations":[{"start":{"line":66,"column":2},"end":{"line":69,"column":3}},{"start":{},"end":{}}],"line":66},"11":{"loc":{"start":{"line":73,"column":2},"end":{"line":76,"column":3}},"type":"if","locations":[{"start":{"line":73,"column":2},"end":{"line":76,"column":3}},{"start":{},"end":{}}],"line":73},"12":{"loc":{"start":{"line":80,"column":2},"end":{"line":83,"column":3}},"type":"if","locations":[{"start":{"line":80,"column":2},"end":{"line":83,"column":3}},{"start":{},"end":{}}],"line":80},"13":{"loc":{"start":{"line":88,"column":2},"end":{"line":90,"column":3}},"type":"if","locations":[{"start":{"line":88,"column":2},"end":{"line":90,"column":3}},{"start":{},"end":{}}],"line":88},"14":{"loc":{"start":{"line":91,"column":2},"end":{"line":94,"column":3}},"type":"if","locations":[{"start":{"line":91,"column":2},"end":{"line":94,"column":3}},{"start":{},"end":{}}],"line":91},"15":{"loc":{"start":{"line":96,"column":2},"end":{"line":108,"column":3}},"type":"if","locations":[{"start":{"line":96,"column":2},"end":{"line":108,"column":3}},{"start":{},"end":{}}],"line":96},"16":{"loc":{"start":{"line":100,"column":6},"end":{"line":105,"column":7}},"type":"if","locations":[{"start":{"line":100,"column":6},"end":{"line":105,"column":7}},{"start":{},"end":{}}],"line":100}},"s":{"0":2,"1":2,"2":2,"3":0,"4":0,"5":0,"6":0,"7":0,"8":0,"9":0,"10":0,"11":0,"12":0,"13":0,"14":0,"15":0,"16":0,"17":0,"18":0,"19":0,"20":0,"21":0,"22":0,"23":0,"24":0,"25":0,"26":0,"27":0,"28":0,"29":0,"30":0,"31":0,"32":0,"33":0,"34":0,"35":0,"36":0,"37":0,"38":0,"39":0,"40":0,"41":0,"42":0,"43":0,"44":0,"45":0,"46":0,"47":0,"48":0,"49":0,"50":0,"51":0,"52":0,"53":0,"54":0,"55":0,"56":0,"57":0,"58":2},"f":{"0":0,"1":0,"2":0,"3":0,"4":0,"5":0,"6":0,"7":0,"8":0},"b":{"0":[0,0],"1":[0,0],"2":[0,0],"3":[0,0],"4":[0,0],"5":[0,0],"6":[0,0],"7":[0,0],"8":[0,0],"9":[0,0],"10":[0,0],"11":[0,0],"12":[0,0],"13":[0,0],"14":[0,0],"15":[0,0],"16":[0,0]},"_coverageSchema":"1a1c01bbd47fc00a2c39e90264f33305004495a9","hash":"a277be8d2715fd19932e5b1826b2962a18e0e835"}
}
