{"/home/bettoraite/Documents/web-dev/telegramBot/controller/lib/constants.js": {"path":"/home/bettoraite/Documents/web-dev/telegramBot/controller/lib/constants.js","statementMap":{"0":{"start":{"line":1,"column":24},"end":{"line":1,"column":34}},"1":{"start":{"line":3,"column":22},"end":{"line":14,"column":1}},"2":{"start":{"line":16,"column":22},"end":{"line":16,"column":39}},"3":{"start":{"line":17,"column":19},"end":{"line":17,"column":33}},"4":{"start":{"line":18,"column":25},"end":{"line":18,"column":31}},"5":{"start":{"line":19,"column":26},"end":{"line":19,"column":33}},"6":{"start":{"line":21,"column":0},"end":{"line":28,"column":2}}},"fnMap":{},"branchMap":{},"s":{"0":1,"1":1,"2":1,"3":1,"4":1,"5":1,"6":1},"f":{},"b":{},"_coverageSchema":"1a1c01bbd47fc00a2c39e90264f33305004495a9","hash":"8004e2c998c5aa55162a382f96b815c3da00e0ee"}
,"/home/bettoraite/Documents/web-dev/telegramBot/controller/lib/firebase.js": {"path":"/home/bettoraite/Documents/web-dev/telegramBot/controller/lib/firebase.js","statementMap":{"0":{"start":{"line":1,"column":26},"end":{"line":1,"column":49}},"1":{"start":{"line":2,"column":25},"end":{"line":2,"column":45}},"2":{"start":{"line":3,"column":43},"end":{"line":3,"column":65}},"3":{"start":{"line":5,"column":58},"end":{"line":5,"column":87}},"4":{"start":{"line":15,"column":4},"end":{"line":15,"column":15}},"5":{"start":{"line":17,"column":23},"end":{"line":25,"column":1}},"6":{"start":{"line":30,"column":30},"end":{"line":39,"column":1}},"7":{"start":{"line":31,"column":2},"end":{"line":38,"column":3}},"8":{"start":{"line":32,"column":4},"end":{"line":32,"column":40}},"9":{"start":{"line":33,"column":4},"end":{"line":33,"column":33}},"10":{"start":{"line":35,"column":4},"end":{"line":35,"column":15}},"11":{"start":{"line":37,"column":4},"end":{"line":37,"column":64}},"12":{"start":{"line":40,"column":24},"end":{"line":49,"column":1}},"13":{"start":{"line":41,"column":2},"end":{"line":48,"column":3}},"14":{"start":{"line":42,"column":4},"end":{"line":45,"column":5}},"15":{"start":{"line":43,"column":26},"end":{"line":43,"column":66}},"16":{"start":{"line":44,"column":6},"end":{"line":44,"column":50}},"17":{"start":{"line":47,"column":4},"end":{"line":47,"column":58}},"18":{"start":{"line":50,"column":29},"end":{"line":63,"column":1}},"19":{"start":{"line":51,"column":2},"end":{"line":51,"column":69}},"20":{"start":{"line":52,"column":2},"end":{"line":62,"column":3}},"21":{"start":{"line":53,"column":24},"end":{"line":53,"column":50}},"22":{"start":{"line":54,"column":4},"end":{"line":54,"column":35}},"23":{"start":{"line":56,"column":19},"end":{"line":56,"column":65}},"24":{"start":{"line":57,"column":4},"end":{"line":57,"column":38}},"25":{"start":{"line":59,"column":4},"end":{"line":59,"column":23}},"26":{"start":{"line":61,"column":4},"end":{"line":61,"column":62}},"27":{"start":{"line":65,"column":16},"end":{"line":95,"column":1}},"28":{"start":{"line":66,"column":2},"end":{"line":94,"column":3}},"29":{"start":{"line":67,"column":4},"end":{"line":70,"column":5}},"30":{"start":{"line":68,"column":6},"end":{"line":68,"column":96}},"31":{"start":{"line":69,"column":6},"end":{"line":69,"column":13}},"32":{"start":{"line":72,"column":19},"end":{"line":72,"column":65}},"33":{"start":{"line":73,"column":21},"end":{"line":73,"column":41}},"34":{"start":{"line":75,"column":4},"end":{"line":91,"column":5}},"35":{"start":{"line":76,"column":22},"end":{"line":76,"column":37}},"36":{"start":{"line":77,"column":6},"end":{"line":79,"column":7}},"37":{"start":{"line":78,"column":8},"end":{"line":78,"column":23}},"38":{"start":{"line":80,"column":6},"end":{"line":80,"column":27}},"39":{"start":{"line":82,"column":31},"end":{"line":82,"column":44}},"40":{"start":{"line":84,"column":6},"end":{"line":86,"column":7}},"41":{"start":{"line":85,"column":8},"end":{"line":85,"column":32}},"42":{"start":{"line":88,"column":6},"end":{"line":88,"column":16}},"43":{"start":{"line":90,"column":6},"end":{"line":90,"column":76}},"44":{"start":{"line":93,"column":4},"end":{"line":93,"column":56}},"45":{"start":{"line":98,"column":33},"end":{"line":98,"column":34}},"46":{"start":{"line":99,"column":16},"end":{"line":99,"column":36}},"47":{"start":{"line":100,"column":2},"end":{"line":104,"column":3}},"48":{"start":{"line":101,"column":21},"end":{"line":101,"column":40}},"49":{"start":{"line":102,"column":4},"end":{"line":102,"column":33}},"50":{"start":{"line":103,"column":4},"end":{"line":103,"column":23}},"51":{"start":{"line":107,"column":2},"end":{"line":109,"column":3}},"52":{"start":{"line":108,"column":4},"end":{"line":108,"column":16}},"53":{"start":{"line":111,"column":20},"end":{"line":111,"column":23}},"54":{"start":{"line":112,"column":19},"end":{"line":112,"column":31}},"55":{"start":{"line":113,"column":15},"end":{"line":117,"column":3}},"56":{"start":{"line":114,"column":17},"end":{"line":114,"column":29}},"57":{"start":{"line":115,"column":4},"end":{"line":115,"column":28}},"58":{"start":{"line":116,"column":4},"end":{"line":116,"column":20}},"59":{"start":{"line":119,"column":2},"end":{"line":141,"column":3}},"60":{"start":{"line":119,"column":15},"end":{"line":119,"column":16}},"61":{"start":{"line":120,"column":4},"end":{"line":140,"column":5}},"62":{"start":{"line":120,"column":17},"end":{"line":120,"column":18}},"63":{"start":{"line":121,"column":29},"end":{"line":121,"column":54}},"64":{"start":{"line":122,"column":33},"end":{"line":122,"column":85}},"65":{"start":{"line":122,"column":67},"end":{"line":122,"column":84}},"66":{"start":{"line":124,"column":33},"end":{"line":124,"column":62}},"67":{"start":{"line":125,"column":45},"end":{"line":127,"column":7}},"68":{"start":{"line":126,"column":8},"end":{"line":126,"column":25}},"69":{"start":{"line":128,"column":6},"end":{"line":139,"column":7}},"70":{"start":{"line":129,"column":8},"end":{"line":129,"column":16}},"71":{"start":{"line":130,"column":13},"end":{"line":139,"column":7}},"72":{"start":{"line":131,"column":8},"end":{"line":138,"column":9}},"73":{"start":{"line":132,"column":10},"end":{"line":132,"column":18}},"74":{"start":{"line":133,"column":15},"end":{"line":138,"column":9}},"75":{"start":{"line":134,"column":10},"end":{"line":136,"column":11}},"76":{"start":{"line":135,"column":12},"end":{"line":135,"column":20}},"77":{"start":{"line":137,"column":10},"end":{"line":137,"column":19}},"78":{"start":{"line":142,"column":2},"end":{"line":142,"column":15}},"79":{"start":{"line":144,"column":23},"end":{"line":144,"column":32}},"80":{"start":{"line":144,"column":29},"end":{"line":144,"column":32}},"81":{"start":{"line":146,"column":0},"end":{"line":154,"column":2}}},"fnMap":{"0":{"name":"(anonymous_0)","decl":{"start":{"line":30,"column":30},"end":{"line":30,"column":31}},"loc":{"start":{"line":30,"column":36},"end":{"line":39,"column":1}},"line":30},"1":{"name":"(anonymous_1)","decl":{"start":{"line":40,"column":24},"end":{"line":40,"column":25}},"loc":{"start":{"line":40,"column":36},"end":{"line":49,"column":1}},"line":40},"2":{"name":"(anonymous_2)","decl":{"start":{"line":50,"column":29},"end":{"line":50,"column":30}},"loc":{"start":{"line":50,"column":70},"end":{"line":63,"column":1}},"line":50},"3":{"name":"(anonymous_3)","decl":{"start":{"line":65,"column":16},"end":{"line":65,"column":17}},"loc":{"start":{"line":65,"column":50},"end":{"line":95,"column":1}},"line":65},"4":{"name":"removePastDates","decl":{"start":{"line":97,"column":9},"end":{"line":97,"column":24}},"loc":{"start":{"line":97,"column":38},"end":{"line":105,"column":1}},"line":97},"5":{"name":"sortDates","decl":{"start":{"line":106,"column":9},"end":{"line":106,"column":18}},"loc":{"start":{"line":106,"column":26},"end":{"line":143,"column":1}},"line":106},"6":{"name":"(anonymous_6)","decl":{"start":{"line":113,"column":15},"end":{"line":113,"column":16}},"loc":{"start":{"line":113,"column":22},"end":{"line":117,"column":3}},"line":113},"7":{"name":"(anonymous_7)","decl":{"start":{"line":122,"column":52},"end":{"line":122,"column":53}},"loc":{"start":{"line":122,"column":67},"end":{"line":122,"column":84}},"line":122},"8":{"name":"(anonymous_8)","decl":{"start":{"line":125,"column":68},"end":{"line":125,"column":69}},"loc":{"start":{"line":126,"column":8},"end":{"line":126,"column":25}},"line":126},"9":{"name":"(anonymous_9)","decl":{"start":{"line":144,"column":23},"end":{"line":144,"column":24}},"loc":{"start":{"line":144,"column":29},"end":{"line":144,"column":32}},"line":144}},"branchMap":{"0":{"loc":{"start":{"line":65,"column":36},"end":{"line":65,"column":45}},"type":"default-arg","locations":[{"start":{"line":65,"column":43},"end":{"line":65,"column":45}}],"line":65},"1":{"loc":{"start":{"line":67,"column":4},"end":{"line":70,"column":5}},"type":"if","locations":[{"start":{"line":67,"column":4},"end":{"line":70,"column":5}},{"start":{},"end":{}}],"line":67},"2":{"loc":{"start":{"line":67,"column":8},"end":{"line":67,"column":67}},"type":"binary-expr","locations":[{"start":{"line":67,"column":8},"end":{"line":67,"column":39}},{"start":{"line":67,"column":43},"end":{"line":67,"column":67}}],"line":67},"3":{"loc":{"start":{"line":75,"column":4},"end":{"line":91,"column":5}},"type":"if","locations":[{"start":{"line":75,"column":4},"end":{"line":91,"column":5}},{"start":{"line":89,"column":11},"end":{"line":91,"column":5}}],"line":75},"4":{"loc":{"start":{"line":77,"column":6},"end":{"line":79,"column":7}},"type":"if","locations":[{"start":{"line":77,"column":6},"end":{"line":79,"column":7}},{"start":{},"end":{}}],"line":77},"5":{"loc":{"start":{"line":84,"column":6},"end":{"line":86,"column":7}},"type":"if","locations":[{"start":{"line":84,"column":6},"end":{"line":86,"column":7}},{"start":{},"end":{}}],"line":84},"6":{"loc":{"start":{"line":100,"column":2},"end":{"line":104,"column":3}},"type":"if","locations":[{"start":{"line":100,"column":2},"end":{"line":104,"column":3}},{"start":{},"end":{}}],"line":100},"7":{"loc":{"start":{"line":107,"column":2},"end":{"line":109,"column":3}},"type":"if","locations":[{"start":{"line":107,"column":2},"end":{"line":109,"column":3}},{"start":{},"end":{}}],"line":107},"8":{"loc":{"start":{"line":128,"column":6},"end":{"line":139,"column":7}},"type":"if","locations":[{"start":{"line":128,"column":6},"end":{"line":139,"column":7}},{"start":{"line":130,"column":13},"end":{"line":139,"column":7}}],"line":128},"9":{"loc":{"start":{"line":130,"column":13},"end":{"line":139,"column":7}},"type":"if","locations":[{"start":{"line":130,"column":13},"end":{"line":139,"column":7}},{"start":{},"end":{}}],"line":130},"10":{"loc":{"start":{"line":131,"column":8},"end":{"line":138,"column":9}},"type":"if","locations":[{"start":{"line":131,"column":8},"end":{"line":138,"column":9}},{"start":{"line":133,"column":15},"end":{"line":138,"column":9}}],"line":131},"11":{"loc":{"start":{"line":133,"column":15},"end":{"line":138,"column":9}},"type":"if","locations":[{"start":{"line":133,"column":15},"end":{"line":138,"column":9}},{"start":{},"end":{}}],"line":133},"12":{"loc":{"start":{"line":134,"column":10},"end":{"line":136,"column":11}},"type":"if","locations":[{"start":{"line":134,"column":10},"end":{"line":136,"column":11}},{"start":{},"end":{}}],"line":134}},"s":{"0":1,"1":1,"2":1,"3":1,"4":1,"5":1,"6":1,"7":0,"8":0,"9":0,"10":0,"11":0,"12":1,"13":0,"14":0,"15":0,"16":0,"17":0,"18":1,"19":0,"20":0,"21":0,"22":0,"23":0,"24":0,"25":0,"26":0,"27":1,"28":0,"29":0,"30":0,"31":0,"32":0,"33":0,"34":0,"35":0,"36":0,"37":0,"38":0,"39":0,"40":0,"41":0,"42":0,"43":0,"44":0,"45":0,"46":0,"47":0,"48":0,"49":0,"50":0,"51":2,"52":0,"53":2,"54":2,"55":2,"56":6,"57":6,"58":6,"59":2,"60":2,"61":7,"62":7,"63":18,"64":18,"65":54,"66":18,"67":18,"68":54,"69":18,"70":2,"71":16,"72":9,"73":2,"74":7,"75":4,"76":2,"77":4,"78":2,"79":1,"80":0,"81":1},"f":{"0":0,"1":0,"2":0,"3":0,"4":0,"5":2,"6":6,"7":54,"8":54,"9":0},"b":{"0":[0],"1":[0,0],"2":[0,0],"3":[0,0],"4":[0,0],"5":[0,0],"6":[0,0],"7":[0,2],"8":[2,16],"9":[9,7],"10":[2,7],"11":[4,3],"12":[2,2]},"_coverageSchema":"1a1c01bbd47fc00a2c39e90264f33305004495a9","hash":"a0d8ed82bf3c553dfe8dcb95f752132c4c21267c"}
,"/home/bettoraite/Documents/web-dev/telegramBot/controller/lib/helpers.js": {"path":"/home/bettoraite/Documents/web-dev/telegramBot/controller/lib/helpers.js","statementMap":{"0":{"start":{"line":2,"column":25},"end":{"line":2,"column":36}},"1":{"start":{"line":4,"column":2},"end":{"line":4,"column":38}},"2":{"start":{"line":5,"column":2},"end":{"line":19,"column":3}},"3":{"start":{"line":6,"column":4},"end":{"line":6,"column":51}},"4":{"start":{"line":7,"column":4},"end":{"line":15,"column":5}},"5":{"start":{"line":8,"column":6},"end":{"line":8,"column":42}},"6":{"start":{"line":9,"column":6},"end":{"line":9,"column":44}},"7":{"start":{"line":10,"column":6},"end":{"line":10,"column":45}},"8":{"start":{"line":11,"column":11},"end":{"line":15,"column":5}},"9":{"start":{"line":12,"column":6},"end":{"line":12,"column":36}},"10":{"start":{"line":14,"column":6},"end":{"line":14,"column":45}},"11":{"start":{"line":16,"column":4},"end":{"line":16,"column":35}},"12":{"start":{"line":18,"column":4},"end":{"line":18,"column":84}},"13":{"start":{"line":20,"column":2},"end":{"line":20,"column":36}},"14":{"start":{"line":22,"column":0},"end":{"line":24,"column":2}}},"fnMap":{"0":{"name":"errorHandler","decl":{"start":{"line":1,"column":9},"end":{"line":1,"column":21}},"loc":{"start":{"line":1,"column":45},"end":{"line":21,"column":1}},"line":1}},"branchMap":{"0":{"loc":{"start":{"line":5,"column":2},"end":{"line":19,"column":3}},"type":"if","locations":[{"start":{"line":5,"column":2},"end":{"line":19,"column":3}},{"start":{"line":17,"column":9},"end":{"line":19,"column":3}}],"line":5},"1":{"loc":{"start":{"line":7,"column":4},"end":{"line":15,"column":5}},"type":"if","locations":[{"start":{"line":7,"column":4},"end":{"line":15,"column":5}},{"start":{"line":11,"column":11},"end":{"line":15,"column":5}}],"line":7},"2":{"loc":{"start":{"line":11,"column":11},"end":{"line":15,"column":5}},"type":"if","locations":[{"start":{"line":11,"column":11},"end":{"line":15,"column":5}},{"start":{"line":13,"column":11},"end":{"line":15,"column":5}}],"line":11}},"s":{"0":0,"1":0,"2":0,"3":0,"4":0,"5":0,"6":0,"7":0,"8":0,"9":0,"10":0,"11":0,"12":0,"13":0,"14":1},"f":{"0":0},"b":{"0":[0,0],"1":[0,0],"2":[0,0]},"_coverageSchema":"1a1c01bbd47fc00a2c39e90264f33305004495a9","hash":"91f08ebcd3345db0316c26de5af11c3d44d04216"}
}
