TN:
SF:controller/lib/axios.js
FN:3,getAxiosInstance
FN:5,(anonymous_1)
FN:12,(anonymous_2)
FNF:3
FNH:1
FNDA:2,getAxiosInstance
FNDA:0,(anonymous_1)
FNDA:0,(anonymous_2)
DA:1,2
DA:4,2
DA:6,0
DA:13,0
DA:24,2
LF:5
LH:3
BRDA:3,0,0,2
BRF:1
BRH:1
end_of_record
TN:
SF:controller/lib/constants.js
FNF:0
FNH:0
DA:2,2
DA:15,2
DA:16,2
DA:18,2
DA:28,2
DA:29,2
DA:30,2
DA:31,2
DA:32,2
DA:33,2
DA:35,2
LF:11
LH:11
BRF:0
BRH:0
end_of_record
TN:
SF:controller/lib/date.js
FN:3,getLocalUnixTimestamp
FN:16,getDate
FNF:2
FNH:2
FNDA:6,getLocalUnixTimestamp
FNDA:5,getDate
DA:1,1
DA:4,6
DA:5,3
DA:10,3
DA:12,3
DA:13,3
DA:14,3
DA:17,5
DA:18,0
DA:19,0
DA:21,5
DA:22,5
DA:24,5
DA:34,5
DA:35,5
DA:36,5
DA:37,5
DA:38,5
DA:39,5
DA:40,5
DA:47,5
DA:48,5
DA:50,1
LF:23
LH:21
BRDA:3,0,0,1
BRDA:4,1,0,3
BRDA:4,1,1,3
BRDA:4,2,0,6
BRDA:4,2,1,5
BRDA:17,3,0,0
BRDA:17,3,1,5
BRF:7
BRH:6
end_of_record
TN:
SF:controller/lib/helpers.js
FN:1,errorHandler
FNF:1
FNH:1
FNDA:3,errorHandler
DA:2,3
DA:4,3
DA:5,3
DA:6,3
DA:7,0
DA:8,0
DA:9,0
DA:10,0
DA:11,0
DA:12,0
DA:14,0
DA:16,0
DA:18,3
DA:20,3
DA:22,2
LF:15
LH:7
BRDA:6,0,0,0
BRDA:6,0,1,3
BRDA:7,1,0,0
BRDA:7,1,1,0
BRDA:11,2,0,0
BRDA:11,2,1,0
BRF:6
BRH:1
end_of_record
TN:
SF:controller/lib/send.js
FN:9,sendMessage
FN:16,(anonymous_1)
FN:21,sendPhoto
FN:28,(anonymous_3)
FN:32,sendDoc
FN:38,(anonymous_5)
FN:43,sendSubjectsOptionMenu
FN:60,sendMenuCommands
FN:72,sendStartMenu
FNF:9
FNH:0
FNDA:0,sendMessage
FNDA:0,(anonymous_1)
FNDA:0,sendPhoto
FNDA:0,(anonymous_3)
FNDA:0,sendDoc
FNDA:0,(anonymous_5)
FNDA:0,sendSubjectsOptionMenu
FNDA:0,sendMenuCommands
FNDA:0,sendStartMenu
DA:1,2
DA:2,2
DA:3,2
DA:5,2
DA:6,2
DA:7,2
DA:10,0
DA:17,0
DA:22,0
DA:23,0
DA:29,0
DA:33,0
DA:39,0
DA:44,0
DA:45,0
DA:49,0
DA:50,0
DA:51,0
DA:52,0
DA:54,0
DA:56,0
DA:61,0
DA:69,0
DA:73,0
DA:81,0
DA:84,2
LF:26
LH:7
BRDA:9,0,0,0
BRDA:12,1,0,0
BRDA:12,1,1,0
BRDA:60,2,0,0
BRDA:72,3,0,0
BRF:5
BRH:0
end_of_record
TN:
SF:controller/lib/utils/user.js
FN:6,addUser
FN:25,setAction
FN:35,setSubject
FN:45,setImageProccessingToTrue
FN:65,getUser
FN:72,getResetKey
FN:79,deleteUser
FN:86,deleteUserAfter
FN:99,(anonymous_8)
FNF:9
FNH:0
FNDA:0,addUser
FNDA:0,setAction
FNDA:0,setSubject
FNDA:0,setImageProccessingToTrue
FNDA:0,getUser
FNDA:0,getResetKey
FNDA:0,deleteUser
FNDA:0,deleteUserAfter
FNDA:0,(anonymous_8)
DA:1,2
DA:2,2
DA:4,2
DA:7,0
DA:8,0
DA:11,0
DA:13,0
DA:22,0
DA:26,0
DA:27,0
DA:28,0
DA:31,0
DA:32,0
DA:33,0
DA:36,0
DA:37,0
DA:38,0
DA:40,0
DA:42,0
DA:43,0
DA:48,0
DA:49,0
DA:55,0
DA:56,0
DA:57,0
DA:58,0
DA:60,0
DA:61,0
DA:62,0
DA:66,0
DA:67,0
DA:68,0
DA:70,0
DA:73,0
DA:74,0
DA:75,0
DA:77,0
DA:80,0
DA:81,0
DA:82,0
DA:84,0
DA:87,0
DA:88,0
DA:89,0
DA:91,0
DA:92,0
DA:93,0
DA:95,0
DA:96,0
DA:97,0
DA:98,0
DA:99,0
DA:100,0
DA:101,0
DA:102,0
DA:103,0
DA:104,0
DA:106,0
DA:110,2
LF:59
LH:4
BRDA:7,0,0,0
BRDA:7,0,1,0
BRDA:11,1,0,0
BRDA:11,1,1,0
BRDA:26,2,0,0
BRDA:26,2,1,0
BRDA:26,3,0,0
BRDA:26,3,1,0
BRDA:31,4,0,0
BRDA:31,4,1,0
BRDA:36,5,0,0
BRDA:36,5,1,0
BRDA:36,6,0,0
BRDA:36,6,1,0
BRDA:40,7,0,0
BRDA:40,7,1,0
BRDA:48,8,0,0
BRDA:48,8,1,0
BRDA:56,9,0,0
BRDA:56,9,1,0
BRDA:66,10,0,0
BRDA:66,10,1,0
BRDA:73,11,0,0
BRDA:73,11,1,0
BRDA:80,12,0,0
BRDA:80,12,1,0
BRDA:88,13,0,0
BRDA:88,13,1,0
BRDA:91,14,0,0
BRDA:91,14,1,0
BRDA:96,15,0,0
BRDA:96,15,1,0
BRDA:100,16,0,0
BRDA:100,16,1,0
BRF:34
BRH:0
end_of_record
