TN:
SF:controller/lib/axios.js
FN:3,getAxiosInstance
FN:5,(anonymous_1)
FN:12,(anonymous_2)
FNF:3
FNH:1
FNDA:1,getAxiosInstance
FNDA:0,(anonymous_1)
FNDA:0,(anonymous_2)
DA:1,1
DA:4,1
DA:6,0
DA:13,0
DA:24,1
LF:5
LH:3
BRDA:3,0,0,1
BRF:1
BRH:1
end_of_record
TN:
SF:controller/lib/constantMessages.js
FNF:0
FNH:0
DA:1,1
DA:11,1
DA:16,1
DA:17,1
DA:18,1
DA:19,1
DA:21,1
DA:22,1
DA:24,1
DA:25,1
DA:26,1
DA:27,1
LF:12
LH:12
BRF:0
BRH:0
end_of_record
TN:
SF:controller/lib/constants.js
FNF:0
FNH:0
DA:2,1
DA:15,1
DA:16,1
DA:17,1
DA:18,1
DA:20,1
LF:6
LH:6
BRF:0
BRH:0
end_of_record
TN:
SF:controller/lib/date.js
FN:3,getLocalUnixTimestamp
FN:15,getDate
FNF:2
FNH:0
FNDA:0,getLocalUnixTimestamp
FNDA:0,getDate
DA:1,1
DA:4,0
DA:5,0
DA:10,0
DA:12,0
DA:13,0
DA:16,0
DA:17,0
DA:18,0
DA:21,0
DA:30,0
DA:31,0
DA:33,0
DA:34,0
DA:36,0
DA:37,0
DA:38,0
DA:39,0
DA:41,0
DA:48,0
DA:50,1
LF:21
LH:2
BRDA:3,0,0,0
BRDA:4,1,0,0
BRDA:4,1,1,0
BRDA:4,2,0,0
BRDA:4,2,1,0
BRDA:16,3,0,0
BRDA:16,3,1,0
BRF:7
BRH:0
end_of_record
TN:
SF:controller/lib/firebase.js
FN:42,(anonymous_0)
FN:57,(anonymous_1)
FN:68,(anonymous_2)
FN:81,(anonymous_3)
FN:110,(anonymous_4)
FNF:5
FNH:0
FNDA:0,(anonymous_0)
FNDA:0,(anonymous_1)
FNDA:0,(anonymous_2)
FNDA:0,(anonymous_3)
FNDA:0,(anonymous_4)
DA:1,1
DA:2,1
DA:3,1
DA:16,1
DA:26,1
DA:28,1
DA:41,1
DA:42,1
DA:43,0
DA:44,0
DA:45,0
DA:47,0
DA:49,0
DA:57,1
DA:58,0
DA:59,0
DA:60,0
DA:61,0
DA:64,0
DA:68,1
DA:69,0
DA:72,0
DA:73,0
DA:74,0
DA:76,0
DA:78,0
DA:81,1
DA:82,0
DA:83,0
DA:84,0
DA:85,0
DA:88,0
DA:89,0
DA:91,0
DA:92,0
DA:93,0
DA:95,0
DA:97,0
DA:98,0
DA:101,0
DA:103,0
DA:106,0
DA:110,1
DA:112,1
LF:44
LH:13
BRDA:83,0,0,0
BRDA:83,0,1,0
BRDA:83,1,0,0
BRDA:83,1,1,0
BRDA:91,2,0,0
BRDA:91,2,1,0
BRDA:97,3,0,0
BRDA:97,3,1,0
BRF:8
BRH:0
end_of_record
TN:
SF:controller/lib/helpers.js
FN:1,errorHandler
FNF:1
FNH:1
FNDA:5,errorHandler
DA:2,5
DA:4,5
DA:5,5
DA:6,0
DA:7,0
DA:8,0
DA:9,0
DA:10,0
DA:11,0
DA:12,0
DA:14,0
DA:16,0
DA:18,5
DA:20,5
DA:22,1
LF:15
LH:6
BRDA:5,0,0,0
BRDA:5,0,1,5
BRDA:7,1,0,0
BRDA:7,1,1,0
BRDA:11,2,0,0
BRDA:11,2,1,0
BRF:6
BRH:1
end_of_record
TN:
SF:controller/lib/imageProccessing.js
FN:3,getLargestImageId
FN:7,(anonymous_1)
FNF:2
FNH:0
FNDA:0,getLargestImageId
FNDA:0,(anonymous_1)
DA:1,1
DA:4,0
DA:5,0
DA:7,0
DA:8,0
DA:13,0
DA:14,0
DA:15,0
DA:16,0
DA:17,0
DA:18,0
DA:22,0
DA:24,0
DA:28,0
DA:30,0
DA:31,0
DA:33,0
DA:34,0
DA:35,0
DA:36,0
DA:37,0
DA:38,0
DA:39,0
DA:42,0
DA:44,0
DA:45,0
DA:49,1
LF:27
LH:2
BRDA:15,0,0,0
BRDA:15,0,1,0
BRDA:15,1,0,0
BRDA:15,1,1,0
BRDA:17,2,0,0
BRDA:17,2,1,0
BRDA:22,3,0,0
BRDA:22,3,1,0
BRDA:22,4,0,0
BRDA:22,4,1,0
BRDA:35,5,0,0
BRDA:35,5,1,0
BRDA:35,6,0,0
BRDA:35,6,1,0
BRDA:37,7,0,0
BRDA:37,7,1,0
BRF:16
BRH:0
end_of_record
TN:
SF:controller/lib/send.js
FN:21,sendMessage
FN:28,(anonymous_1)
FN:33,sendPhoto
FN:39,(anonymous_3)
FN:43,sendDoc
FN:49,(anonymous_5)
FN:54,sendSubjectsOptionMenu
FN:71,sendMenuCommands
FN:83,sendStartMenu
FNF:9
FNH:0
FNDA:0,sendMessage
FNDA:0,(anonymous_1)
FNDA:0,sendPhoto
FNDA:0,(anonymous_3)
FNDA:0,sendDoc
FNDA:0,(anonymous_5)
FNDA:0,sendSubjectsOptionMenu
FNDA:0,sendMenuCommands
FNDA:0,sendStartMenu
DA:1,1
DA:2,1
DA:14,1
DA:15,1
DA:17,1
DA:18,1
DA:19,1
DA:22,0
DA:29,0
DA:34,0
DA:40,0
DA:44,0
DA:50,0
DA:55,0
DA:56,0
DA:60,0
DA:61,0
DA:62,0
DA:63,0
DA:65,0
DA:67,0
DA:72,0
DA:80,0
DA:84,0
DA:85,0
DA:93,0
DA:96,1
LF:27
LH:8
BRDA:21,0,0,0
BRDA:24,1,0,0
BRDA:24,1,1,0
BRDA:71,2,0,0
BRDA:83,3,0,0
BRF:5
BRH:0
end_of_record
TN:
SF:controller/lib/telegram.js
FN:27,handleMessage
FN:82,handleCommand
FN:103,handleAction
FN:142,handleDataRetrival
FN:155,handleTextDataUpload
FN:176,hasReachedUploadLimitText
FN:193,hasReachedUploadLimit
FN:215,hasReachedUploadLimitImage
FNF:8
FNH:1
FNDA:0,handleMessage
FNDA:0,handleCommand
FNDA:0,handleAction
FNDA:0,handleDataRetrival
FNDA:0,handleTextDataUpload
FNDA:0,hasReachedUploadLimitText
FNDA:7,hasReachedUploadLimit
FNDA:0,hasReachedUploadLimitImage
DA:1,1
DA:2,1
DA:3,1
DA:4,1
DA:5,1
DA:6,1
DA:7,1
DA:18,1
DA:25,1
DA:28,0
DA:29,0
DA:30,0
DA:31,0
DA:33,0
DA:34,0
DA:35,0
DA:38,0
DA:39,0
DA:40,0
DA:41,0
DA:42,0
DA:44,0
DA:45,0
DA:46,0
DA:49,0
DA:50,0
DA:51,0
DA:54,0
DA:55,0
DA:56,0
DA:57,0
DA:59,0
DA:60,0
DA:62,0
DA:73,0
DA:74,0
DA:77,0
DA:79,0
DA:83,0
DA:85,0
DA:87,0
DA:89,0
DA:90,0
DA:92,0
DA:94,0
DA:96,0
DA:97,0
DA:99,0
DA:100,0
DA:105,0
DA:107,0
DA:108,0
DA:109,0
DA:112,0
DA:114,0
DA:115,0
DA:116,0
DA:117,0
DA:120,0
DA:122,0
DA:123,0
DA:124,0
DA:125,0
DA:126,0
DA:127,0
DA:130,0
DA:131,0
DA:135,0
DA:136,0
DA:139,0
DA:143,0
DA:144,0
DA:145,0
DA:146,0
DA:147,0
DA:148,0
DA:149,0
DA:152,0
DA:157,0
DA:158,0
DA:159,0
DA:161,0
DA:165,0
DA:167,0
DA:169,0
DA:171,0
DA:172,0
DA:173,0
DA:174,0
DA:177,0
DA:178,0
DA:180,0
DA:182,0
DA:183,0
DA:184,0
DA:185,0
DA:186,0
DA:187,0
DA:190,0
DA:191,0
DA:194,7
DA:202,5
DA:204,5
DA:206,2
DA:207,2
DA:208,8
DA:209,8
DA:213,2
DA:216,0
DA:217,0
DA:218,0
DA:220,0
DA:221,0
DA:222,0
DA:223,0
DA:224,0
DA:225,0
DA:229,0
DA:232,1
LF:119
LH:18
BRDA:28,0,0,0
BRDA:28,0,1,0
BRDA:33,1,0,0
BRDA:33,1,1,0
BRDA:33,2,0,0
BRDA:33,2,1,0
BRDA:33,2,2,0
BRDA:40,3,0,0
BRDA:40,3,1,0
BRDA:42,4,0,0
BRDA:42,4,1,0
BRDA:42,5,0,0
BRDA:42,5,1,0
BRDA:49,6,0,0
BRDA:49,6,1,0
BRDA:54,7,0,0
BRDA:54,7,1,0
BRDA:54,8,0,0
BRDA:54,8,1,0
BRDA:55,9,0,0
BRDA:55,9,1,0
BRDA:85,10,0,0
BRDA:85,10,1,0
BRDA:85,10,2,0
BRDA:87,11,0,0
BRDA:87,11,1,0
BRDA:114,12,0,0
BRDA:114,12,1,0
BRDA:120,13,0,0
BRDA:120,13,1,0
BRDA:120,13,2,0
BRDA:122,14,0,0
BRDA:122,14,1,0
BRDA:123,15,0,0
BRDA:123,15,1,0
BRDA:126,16,0,0
BRDA:126,16,1,0
BRDA:144,17,0,0
BRDA:144,17,1,0
BRDA:146,18,0,0
BRDA:146,18,1,0
BRDA:148,19,0,0
BRDA:148,19,1,0
BRDA:157,20,0,0
BRDA:157,20,1,0
BRDA:177,21,0,0
BRDA:177,21,1,0
BRDA:186,22,0,0
BRDA:186,22,1,0
BRDA:194,23,0,5
BRDA:194,23,1,2
BRDA:197,24,0,7
BRDA:197,24,1,4
BRDA:197,24,2,3
BRDA:197,25,0,7
BRDA:197,25,1,5
BRDA:208,26,0,8
BRDA:208,26,1,0
BRDA:216,27,0,0
BRDA:216,27,1,0
BRDA:224,28,0,0
BRDA:224,28,1,0
BRF:62
BRH:8
end_of_record
TN:
SF:controller/lib/utils/user.js
FN:6,addUser
FN:25,setAction
FN:35,setSubject
FN:45,setImageProccessingToTrue
FN:65,getUser
FN:72,getResetKey
FN:79,deleteUser
FN:86,deleteUserAfter
FN:100,(anonymous_8)
FNF:9
FNH:0
FNDA:0,addUser
FNDA:0,setAction
FNDA:0,setSubject
FNDA:0,setImageProccessingToTrue
FNDA:0,getUser
FNDA:0,getResetKey
FNDA:0,deleteUser
FNDA:0,deleteUserAfter
FNDA:0,(anonymous_8)
DA:1,1
DA:2,1
DA:4,1
DA:7,0
DA:8,0
DA:11,0
DA:13,0
DA:22,0
DA:26,0
DA:27,0
DA:28,0
DA:31,0
DA:32,0
DA:33,0
DA:36,0
DA:37,0
DA:38,0
DA:40,0
DA:42,0
DA:43,0
DA:48,0
DA:49,0
DA:55,0
DA:56,0
DA:57,0
DA:58,0
DA:60,0
DA:61,0
DA:62,0
DA:66,0
DA:67,0
DA:68,0
DA:70,0
DA:73,0
DA:74,0
DA:75,0
DA:77,0
DA:80,0
DA:81,0
DA:82,0
DA:84,0
DA:87,0
DA:89,0
DA:90,0
DA:92,0
DA:93,0
DA:94,0
DA:96,0
DA:97,0
DA:98,0
DA:99,0
DA:100,0
DA:101,0
DA:102,0
DA:103,0
DA:104,0
DA:105,0
DA:107,0
DA:111,1
LF:59
LH:4
BRDA:7,0,0,0
BRDA:7,0,1,0
BRDA:11,1,0,0
BRDA:11,1,1,0
BRDA:26,2,0,0
BRDA:26,2,1,0
BRDA:26,3,0,0
BRDA:26,3,1,0
BRDA:31,4,0,0
BRDA:31,4,1,0
BRDA:36,5,0,0
BRDA:36,5,1,0
BRDA:36,6,0,0
BRDA:36,6,1,0
BRDA:40,7,0,0
BRDA:40,7,1,0
BRDA:48,8,0,0
BRDA:48,8,1,0
BRDA:56,9,0,0
BRDA:56,9,1,0
BRDA:66,10,0,0
BRDA:66,10,1,0
BRDA:73,11,0,0
BRDA:73,11,1,0
BRDA:80,12,0,0
BRDA:80,12,1,0
BRDA:89,13,0,0
BRDA:89,13,1,0
BRDA:92,14,0,0
BRDA:92,14,1,0
BRDA:97,15,0,0
BRDA:97,15,1,0
BRDA:101,16,0,0
BRDA:101,16,1,0
BRF:34
BRH:0
end_of_record
